<?xml version="1.0" encoding="UTF-8"?>
<robot generator="Robot 7.4.2 (Python 3.13.7 on darwin)" generated="2026-08-27T23:47:15.508388" rpa="false" schemaversion="5">
<suite id="s1" name="Cart" source="/Users/tuonghoang/Documents/Projects/robot-framework-automation/tests/cart.robot">
<test id="s1-t1" name="Add Product To Cart And Check Cart Badge" line="11">
<kw name="New Browser" owner="Browser">
<msg time="2026-08-27T23:47:15.656695" level="INFO">{"browser": "chromium", "headless": false, "chromiumSandbox": false, "devtools": false, "handleSIGHUP": true, "handleSIGINT": true, "handleSIGTERM": true, "slowMo": 0.0, "timeout": 30000.0, "tracesDir": "/Users/tuonghoang/Documents/Projects/robot-framework-automation/browser/traces/temp/f8a0c9a5-1de5-4610-8226-14d15b8fa6bf"}</msg>
<msg time="2026-08-27T23:47:15.763396" level="INFO">Starting Browser process /Users/tuonghoang/Documents/Projects/robot-framework-automation/venv/lib/python3.13/site-packages/Browser/wrapper/index.js using at 127.0.0.1:53651</msg>
<msg time="2026-08-27T23:47:18.775608" level="INFO">Successfully created browser with options: {"browser":"chromium","headless":false,"chromiumSandbox":false,"devtools":false,"handleSIGHUP":true,"handleSIGINT":true,"handleSIGTERM":true,"slowMo":0,"timeout":30000,"tracesDir":"/Users/tuonghoang/Documents/Projects/robot-framework-automation/browser/traces/temp/f8a0c9a5-1de5-4610-8226-14d15b8fa6bf"}</msg>
<arg>chromium</arg>
<arg>headless=False</arg>
<tag>BrowserControl</tag>
<tag>Setter</tag>
<doc>Create a new playwright Browser with specified options.</doc>
<status status="PASS" start="2026-08-27T23:47:15.656345" elapsed="3.122190"/>
</kw>
<kw name="New Page" owner="Browser">
<msg time="2026-08-27T23:47:20.330352" level="INFO">Successfully initialized new page object and opened url: https://www.saucedemo.com</msg>
<msg time="2026-08-27T23:47:20.331972" level="INFO">No context was open. New context was automatically opened when this page is created.</msg>
<arg>${BASE_URL}</arg>
<tag>BrowserControl</tag>
<tag>Setter</tag>
<doc>Open a new Page.</doc>
<status status="PASS" start="2026-08-27T23:47:18.781395" elapsed="1.552617"/>
</kw>
<kw name="Fill Text" owner="Browser">
<msg time="2026-08-27T23:47:20.338030" level="INFO">Fills the text 'standard_user' in the given field.</msg>
<arg>id=user-name</arg>
<arg>${USERNAME}</arg>
<tag>PageContent</tag>
<tag>Setter</tag>
<doc>Clears and fills the given ``txt`` into the text field found by ``selector``.</doc>
<status status="PASS" start="2026-08-27T23:47:20.335246" elapsed="0.189551"/>
</kw>
<kw name="Fill Text" owner="Browser">
<msg time="2026-08-27T23:47:20.525367" level="INFO">Fills the text 'secret_sauce' in the given field.</msg>
<arg>id=password</arg>
<arg>${PASSWORD}</arg>
<tag>PageContent</tag>
<tag>Setter</tag>
<doc>Clears and fills the given ``txt`` into the text field found by ``selector``.</doc>
<status status="PASS" start="2026-08-27T23:47:20.524986" elapsed="0.054248"/>
</kw>
<kw name="Click" owner="Browser">
<msg time="2026-08-27T23:47:20.579784" level="INFO">Clicks the element 'id=login-button'.</msg>
<arg>id=login-button</arg>
<tag>PageContent</tag>
<tag>Setter</tag>
<doc>Simulates mouse click on the element found by ``selector``.</doc>
<status status="PASS" start="2026-08-27T23:47:20.579430" elapsed="0.120998"/>
</kw>
<kw name="Click" owner="Browser">
<msg time="2026-08-27T23:47:20.700932" level="INFO">Clicks the element 'css=.inventory_item:nth-child(1) &gt;&gt; css=button'.</msg>
<arg>css=.inventory_item:nth-child(1) &gt;&gt; css=button</arg>
<tag>PageContent</tag>
<tag>Setter</tag>
<doc>Simulates mouse click on the element found by ``selector``.</doc>
<status status="PASS" start="2026-08-27T23:47:20.700605" elapsed="0.037231"/>
</kw>
<kw name="Get Text" owner="Browser">
<msg time="2026-08-27T23:47:20.765262" level="INFO">Text: ['1']</msg>
<arg>css=.shopping_cart_badge</arg>
<arg>==</arg>
<arg>1</arg>
<tag>Assertion</tag>
<tag>Getter</tag>
<tag>PageContent</tag>
<doc>Returns text attribute of the element found by ``selector``.</doc>
<status status="PASS" start="2026-08-27T23:47:20.738081" elapsed="0.027263"/>
</kw>
<kw name="Click" owner="Browser">
<msg time="2026-08-27T23:47:20.765882" level="INFO">Clicks the element 'css=.inventory_item:nth-child(2) &gt;&gt; css=button'.</msg>
<arg>css=.inventory_item:nth-child(2) &gt;&gt; css=button</arg>
<tag>PageContent</tag>
<tag>Setter</tag>
<doc>Simulates mouse click on the element found by ``selector``.</doc>
<status status="PASS" start="2026-08-27T23:47:20.765507" elapsed="0.022687"/>
</kw>
<kw name="Get Text" owner="Browser">
<msg time="2026-08-27T23:47:20.793522" level="INFO">Text: ['2']</msg>
<arg>css=.shopping_cart_badge</arg>
<arg>==</arg>
<arg>2</arg>
<tag>Assertion</tag>
<tag>Getter</tag>
<tag>PageContent</tag>
<doc>Returns text attribute of the element found by ``selector``.</doc>
<status status="PASS" start="2026-08-27T23:47:20.788367" elapsed="0.005238"/>
</kw>
<kw name="Close Browser" owner="Browser">
<msg time="2026-08-27T23:47:21.021892" level="INFO">Closed browser</msg>
<tag>BrowserControl</tag>
<tag>Setter</tag>
<doc>Closes the current browser.</doc>
<status status="PASS" start="2026-08-27T23:47:20.793775" elapsed="0.228238"/>
</kw>
<status status="PASS" start="2026-08-27T23:47:15.655824" elapsed="5.366407"/>
</test>
<status status="PASS" start="2026-08-27T23:47:15.509670" elapsed="5.527467"/>
</suite>
<statistics>
<total>
<stat pass="1" fail="0" skip="0">All Tests</stat>
</total>
<tag>
</tag>
<suite>
<stat name="Cart" id="s1" pass="1" fail="0" skip="0">Cart</stat>
</suite>
</statistics>
<errors>
</errors>
</robot>
